MPASM 5.76                  FINALPROJECT.ASM   12-8-2017  8:08:43         PAGE  1


LOC  OBJECT CODE     LINE SOURCE TEXT
  VALUE

                      00001 ;**********************************************************************
                      00002 ;   This file is a basic code template for object module code         *
                      00003 ;   generation on the PIC16F877A. This file contains the              *
                      00004 ;   basic code building blocks to build upon.                         *
                      00005 ;                                                                     *
                      00006 ;   Refer to the MPASM User's Guide for additional information on     *
                      00007 ;   features of the assembler and linker (Document DS33014).          *
                      00008 ;                                                                     *
                      00009 ;   Refer to the respective PIC data sheet for additional             *
                      00010 ;   information on the instruction set.                               *
                      00011 ;                                                                     *
                      00012 ;**********************************************************************
                      00013 ;                                                                     *
                      00014 ;    Filename:      FinalProject.asm                                  *
                      00015 ;    Date:          12/06/17                                          *
                      00016 ;    File Version:  0.0.1                                             *
                      00017 ;                                                                     *
                      00018 ;    Author:        Andrew W. Harn                                    *
                      00019 ;    Company:       Geneva College                                    *
                      00020 ;                                                                     * 
                      00021 ;                                                                     *
                      00022 ;**********************************************************************
                      00023 ;                                                                     *
                      00024 ;    Files required: P16F877A.INC                                     *
                      00025 ;                    P16F877A_LCDWDBMOD.ASM                           *
                      00026 ;                    READKEYPAD.ASM                                   *
                      00027 ;                    LCDINIT.ASM                                      *
                      00028 ;                    PWMCALCUALTOR.ASM                                *
                      00029 ;                    RPMCALCULATOR.ASM                                *
                      00030 ;                    
                      00031 ;                                                                     *                                 
                                                                *
                      00032 ;                                                                     *
                      00033 ;**********************************************************************
                      00034 ;                                                                     *
                      00035 ;    Notes:                                                           *
                      00036 ;                                                                     *
                      00037 ;                                                                     *
                      00038 ;                                                                     *
                      00039 ;                                                                     *
                      00040 ;**********************************************************************
                      00041 
                      00042 
                      00043     list        p=16f877a   ; list directive to define processor
                      00044     #include    <p16f877a.inc>  ; processor specific variable definitions
                      00001         LIST
                      00002 
                      00003 ;==========================================================================
                      00004 ; Build date : Sep 19 2017
                      00005 ;  MPASM PIC16F877A processor include
                      00006 ; 
                      00007 ;  (c) Copyright 1999-2017 Microchip Technology, All rights reserved
                      00008 ;==========================================================================
MPASM 5.76                  FINALPROJECT.ASM   12-8-2017  8:08:43         PAGE  2


LOC  OBJECT CODE     LINE SOURCE TEXT
  VALUE

                      00009 
                      00567         LIST
                      00045     
2007   3739           00046     __CONFIG _CP_OFF & _WDT_OFF & _BODEN_OFF & _PWRTE_OFF & _XT_OSC & _WRT_OFF & _LVP_OFF & _CPD_OFF & _
                            DEBUG_ON
                      00047 
                      00048 ; '__CONFIG' directive is used to embed configuration data within .asm file.
                      00049 ; The labels following the directive are located in the respective .inc file.
                      00050 ; See respective data sheet for additional information on configuration word.
                      00051 
                      00052 ;***** VARIABLE DEFINITIONS (examples)
                      00053 
                      00054 ; example of using Shared Uninitialized Data Section
                      00055 INT_VAR     UDATA_SHR      
0000                  00056 w_temp      RES     1       ; variable used for context saving 
0001                  00057 status_temp RES     1       ; variable used for context saving
0002                  00058 pclath_temp RES     1       ; variable used for context saving
0003                  00059 t1count     RES     1       ; Number of times timer 1 overflowed.
                      00060 
                      00061 ; example of using Uninitialized Data Section
                      00062 TEMP_VAR    UDATA           ; explicit address specified is not required
                      00063 
Warning[205]: Found directive in column 1. (GLOBAL)
  0000                00064 GLOBAL  t1count
                      00065     
Warning[205]: Found directive in column 1. (extern)
  0000                00066 extern  read                ; Function - read a new keypad entry
Warning[205]: Found directive in column 1. (extern)
  0000                00067 extern  InitLCD             ; Function - Beginning initialization of LCD, and text writing
Warning[205]: Found directive in column 1. (extern)
  0000                00068 extern  entries             ; Variable - Number of new percent digits the LCD is displaying
Warning[205]: Found directive in column 1. (extern)
  0000                00069 extern  P1                  ; Variable - First digit of Percent Drive
Warning[205]: Found directive in column 1. (extern)
  0000                00070 extern  P2                  ; Variable - Second digit of Percent Drive
Warning[205]: Found directive in column 1. (extern)
  0000                00071 extern  PercentDrive        ; Function - Display the last ASCII Value
Warning[205]: Found directive in column 1. (extern)
  0000                00072 extern  SetupTimers         ; Function - Sets up TMR0 and TMR1 for RPM counting
Warning[205]: Found directive in column 1. (extern)
  0000                00073 extern  RPMInterrupt        ; Fucntion - Interrupt routine for expiration of Timer1
                      00074 ;**********************************************************************
                      00075 RESET_VECTOR    CODE    0x0000 ; processor reset vector
0000   0000           00076     nop                        ; nop for icd
0001   ???? ????      00077     pagesel start
0003   2???           00078     goto    start              ; go to beginning of program
                      00079 
                      00080 
                      00081 INT_VECTOR      CODE    0x0004 ; interrupt vector location
                      00082 
0004                  00083 INTERRUPT
                      00084 
0004   00??           00085     movwf   w_temp          ; save off current W register contents
MPASM 5.76                  FINALPROJECT.ASM   12-8-2017  8:08:43         PAGE  3


LOC  OBJECT CODE     LINE SOURCE TEXT
  VALUE

0005   0803           00086     movf    STATUS,w        ; move status register into W register
0006   00??           00087     movwf   status_temp     ; save off contents of STATUS register
0007   080A           00088     movf    PCLATH,w        ; move pclath register into w register
0008   00??           00089     movwf   pclath_temp     ; save off contents of PCLATH register
                      00090 
0009   ???? ????      00091     pagesel RPMInterrupt    ; Interrupt routine
000B   2???           00092     call    RPMInterrupt
                      00093 
000C   08??           00094     movf    pclath_temp,w   ; retrieve copy of PCLATH register
000D   008A           00095     movwf   PCLATH          ; restore pre-isr PCLATH register contents
000E   08??           00096     movf    status_temp,w   ; retrieve copy of STATUS register
000F   0083           00097     movwf   STATUS          ; restore pre-isr STATUS register contents
0010   0E??           00098     swapf   w_temp,f
0011   0E??           00099     swapf   w_temp,w        ; restore pre-isr W register contents
0012   0009           00100     retfie                  ; return from interrupt
                      00101 
                      00102 MAIN_PROG       CODE
                      00103 
0000                  00104 start
                      00105 
0000   ???? ????      00106     pagesel InitLCD                 ; Initial setup of timers and LCD display
0002   2???           00107     call    InitLCD
0003   ???? ????      00108     pagesel SetupTimers
0005   2???           00109     call    SetupTimers
                      00110     
                      00111     ;Initialize to zero
0006   1683 1303      00112     banksel TRISC
Message[302]: Register in operand not in bank 0.  Ensure that bank bits are correct.
0008   1107           00113     bcf     TRISC,2                 ; Set PWM to output
Message[302]: Register in operand not in bank 0.  Ensure that bank bits are correct.
0009   1605           00114     bsf     TRISA,4                 ; Set TMR0 pin to input
000A   ???? ????      00115     banksel P1                      ; Clear out P1 and P2 for PercentDrive
000C   01??           00116     clrf    P1
000D   ???? ????      00117     banksel P2
000F   01??           00118     clrf    P2
0010   ???? ????      00119     banksel entries                 ; Make sure entries for PercentDrive is initialized to 0
0012   01??           00120     clrf    entries
0013   1683 1303      00121     banksel PR2                     ; Clear out data for PWM Period and On Time
Message[302]: Register in operand not in bank 0.  Ensure that bank bits are correct.
0015   0192           00122     clrf    PR2
0016   1283 1303      00123     banksel CCPR1L
0018   0195           00124     clrf    CCPR1L
0019   1283 1303      00125     banksel CCP1CON                 ; Setup CCP1CON to set to PWM mode
001B   300F           00126     movlw   0x0F
001C   0097           00127     movwf   CCP1CON
001D   1283 1303      00128     banksel T2CON                   ; Setup Timer2 Prescaler
001F   3001           00129     movlw   0x01
0020   0092           00130     movwf   T2CON
                      00131     
0021   1283 1303      00132     banksel INTCON                  ; Turn on interrupts
0023   178B           00133     bsf     INTCON,7
                      00134     
0024   1283 1303      00135     banksel T1CON                   ; Turns on TMR1
MPASM 5.76                  FINALPROJECT.ASM   12-8-2017  8:08:43         PAGE  4


LOC  OBJECT CODE     LINE SOURCE TEXT
  VALUE

0026   1410           00136     bsf     T1CON,0
                      00137     
0027                  00138 loop
0027   ???? ????      00139     pagesel read
0029   2???           00140     call    read
002A   ???? ????      00141     pagesel PercentDrive
002C   2???           00142     call    PercentDrive
002D   ???? ????      00143     pagesel loop
002F   2???           00144     goto    loop
                      00145     
3739                  00146     END                       ; directive 'end of program'
MPASM 5.76                  FINALPROJECT.ASM   12-8-2017  8:08:43         PAGE  5


SYMBOL TABLE
  LABEL                             VALUE 

ACKDT                             00000005
ACKEN                             00000004
ACKSTAT                           00000006
ADCON0                            0000001F
ADCON1                            0000009F
ADCS0                             00000006
ADCS1                             00000007
ADCS2                             00000006
ADDEN                             00000003
ADFM                              00000007
ADIE                              00000006
ADIF                              00000006
ADON                              00000000
ADRESH                            0000001E
ADRESL                            0000009E
BCLIE                             00000003
BCLIF                             00000003
BF                                00000000
BRGH                              00000002
C                                 00000000
C1INV                             00000004
C1OUT                             00000006
C2INV                             00000005
C2OUT                             00000007
CCP1CON                           00000017
CCP1IE                            00000002
CCP1IF                            00000002
CCP1M0                            00000000
CCP1M1                            00000001
CCP1M2                            00000002
CCP1M3                            00000003
CCP1X                             00000005
CCP1Y                             00000004
CCP2CON                           0000001D
CCP2IE                            00000000
CCP2IF                            00000000
CCP2M0                            00000000
CCP2M1                            00000001
CCP2M2                            00000002
CCP2M3                            00000003
CCP2X                             00000005
CCP2Y                             00000004
CCPR1                             00000015
CCPR1H                            00000016
CCPR1L                            00000015
CCPR2                             0000001B
CCPR2H                            0000001C
CCPR2L                            0000001B
CHS0                              00000003
CHS1                              00000004
CHS2                              00000005
CIS                               00000003
CKE                               00000006
MPASM 5.76                  FINALPROJECT.ASM   12-8-2017  8:08:43         PAGE  6


SYMBOL TABLE
  LABEL                             VALUE 

CKP                               00000004
CM0                               00000000
CM1                               00000001
CM2                               00000002
CMCON                             0000009C
CMIE                              00000006
CMIF                              00000006
CREN                              00000004
CSRC                              00000007
CVR0                              00000000
CVR1                              00000001
CVR2                              00000002
CVR3                              00000003
CVRCON                            0000009D
CVREN                             00000007
CVROE                             00000006
CVRR                              00000005
D                                 00000005
DATA_ADDRESS                      00000005
DC                                00000001
D_A                               00000005
D_NOT_A                           00000005
EEADR                             0000010D
EEADRH                            0000010F
EECON1                            0000018C
EECON2                            0000018D
EEDATA                            0000010C
EEDATH                            0000010E
EEIE                              00000004
EEIF                              00000004
EEPGD                             00000007
F                                 00000001
FERR                              00000002
FSR                               00000004
GCEN                              00000007
GIE                               00000007
GO                                00000002
GO_DONE                           00000002
GO_NOT_DONE                       00000002
I2C_DATA                          00000005
I2C_READ                          00000002
I2C_START                         00000003
I2C_STOP                          00000004
IBF                               00000007
IBOV                              00000005
INDF                              00000000
INTCON                            0000000B
INTE                              00000004
INTEDG                            00000006
INTERRUPT                         00000004
INTF                              00000001
IRP                               00000007
InitLCD                           00000000
MPASM 5.76                  FINALPROJECT.ASM   12-8-2017  8:08:43         PAGE  7


SYMBOL TABLE
  LABEL                             VALUE 

NOT_A                             00000005
NOT_ADDRESS                       00000005
NOT_BO                            00000000
NOT_BOR                           00000000
NOT_DONE                          00000002
NOT_PD                            00000003
NOT_POR                           00000001
NOT_RBPU                          00000007
NOT_RC8                           00000006
NOT_T1SYNC                        00000002
NOT_TO                            00000004
NOT_TX8                           00000006
NOT_W                             00000002
NOT_WRITE                         00000002
OBF                               00000006
OERR                              00000001
OPTION_REG                        00000081
P                                 00000004
P1                                00000000
P2                                00000000
PCFG0                             00000000
PCFG1                             00000001
PCFG2                             00000002
PCFG3                             00000003
PCL                               00000002
PCLATH                            0000000A
PCON                              0000008E
PEIE                              00000006
PEN                               00000002
PIE1                              0000008C
PIE2                              0000008D
PIR1                              0000000C
PIR2                              0000000D
PORTA                             00000005
PORTB                             00000006
PORTC                             00000007
PORTD                             00000008
PORTE                             00000009
PR2                               00000092
PS0                               00000000
PS1                               00000001
PS2                               00000002
PSA                               00000003
PSPIE                             00000007
PSPIF                             00000007
PSPMODE                           00000004
PercentDrive                      00000000
R                                 00000002
RA0                               00000000
RA1                               00000001
RA2                               00000002
RA3                               00000003
RA4                               00000004
MPASM 5.76                  FINALPROJECT.ASM   12-8-2017  8:08:43         PAGE  8


SYMBOL TABLE
  LABEL                             VALUE 

RA5                               00000005
RB0                               00000000
RB1                               00000001
RB2                               00000002
RB3                               00000003
RB4                               00000004
RB5                               00000005
RB6                               00000006
RB7                               00000007
RBIE                              00000003
RBIF                              00000000
RC0                               00000000
RC1                               00000001
RC2                               00000002
RC3                               00000003
RC4                               00000004
RC5                               00000005
RC6                               00000006
RC7                               00000007
RC8_9                             00000006
RC9                               00000006
RCD8                              00000000
RCEN                              00000003
RCIE                              00000005
RCIF                              00000005
RCREG                             0000001A
RCSTA                             00000018
RD                                00000000
RD0                               00000000
RD1                               00000001
RD2                               00000002
RD3                               00000003
RD4                               00000004
RD5                               00000005
RD6                               00000006
RD7                               00000007
RE0                               00000000
RE1                               00000001
RE2                               00000002
READ_WRITE                        00000002
RP0                               00000005
RP1                               00000006
RPMInterrupt                      00000000
RSEN                              00000001
RX9                               00000006
RX9D                              00000000
R_NOT_W                           00000002
R_W                               00000002
S                                 00000003
SEN                               00000000
SMP                               00000007
SPBRG                             00000099
SPEN                              00000007
MPASM 5.76                  FINALPROJECT.ASM   12-8-2017  8:08:43         PAGE  9


SYMBOL TABLE
  LABEL                             VALUE 

SREN                              00000005
SSPADD                            00000093
SSPBUF                            00000013
SSPCON                            00000014
SSPCON2                           00000091
SSPEN                             00000005
SSPIE                             00000003
SSPIF                             00000003
SSPM0                             00000000
SSPM1                             00000001
SSPM2                             00000002
SSPM3                             00000003
SSPOV                             00000006
SSPSTAT                           00000094
STATUS                            00000003
SYNC                              00000004
SetupTimers                       00000000
T0CS                              00000005
T0IE                              00000005
T0IF                              00000002
T0SE                              00000004
T1CKPS0                           00000004
T1CKPS1                           00000005
T1CON                             00000010
T1INSYNC                          00000002
T1OSCEN                           00000003
T1SYNC                            00000002
T2CKPS0                           00000000
T2CKPS1                           00000001
T2CON                             00000012
TMR0                              00000001
TMR0IE                            00000005
TMR0IF                            00000002
TMR1                              0000000E
TMR1CS                            00000001
TMR1H                             0000000F
TMR1IE                            00000000
TMR1IF                            00000000
TMR1L                             0000000E
TMR1ON                            00000000
TMR2                              00000011
TMR2IE                            00000001
TMR2IF                            00000001
TMR2ON                            00000002
TOUTPS0                           00000003
TOUTPS1                           00000004
TOUTPS2                           00000005
TOUTPS3                           00000006
TRISA                             00000085
TRISA0                            00000000
TRISA1                            00000001
TRISA2                            00000002
TRISA3                            00000003
MPASM 5.76                  FINALPROJECT.ASM   12-8-2017  8:08:43         PAGE 10


SYMBOL TABLE
  LABEL                             VALUE 

TRISA4                            00000004
TRISA5                            00000005
TRISB                             00000086
TRISB0                            00000000
TRISB1                            00000001
TRISB2                            00000002
TRISB3                            00000003
TRISB4                            00000004
TRISB5                            00000005
TRISB6                            00000006
TRISB7                            00000007
TRISC                             00000087
TRISC0                            00000000
TRISC1                            00000001
TRISC2                            00000002
TRISC3                            00000003
TRISC4                            00000004
TRISC5                            00000005
TRISC6                            00000006
TRISC7                            00000007
TRISD                             00000088
TRISD0                            00000000
TRISD1                            00000001
TRISD2                            00000002
TRISD3                            00000003
TRISD4                            00000004
TRISD5                            00000005
TRISD6                            00000006
TRISD7                            00000007
TRISE                             00000089
TRISE0                            00000000
TRISE1                            00000001
TRISE2                            00000002
TRMT                              00000001
TX8_9                             00000006
TX9                               00000006
TX9D                              00000000
TXD8                              00000000
TXEN                              00000005
TXIE                              00000004
TXIF                              00000004
TXREG                             00000019
TXSTA                             00000098
UA                                00000001
W                                 00000000
WCOL                              00000007
WR                                00000001
WREN                              00000002
WRERR                             00000003
Z                                 00000002
_BODEN_OFF                        00003FBF
_BODEN_ON                         00003FFF
_BOREN_OFF                        00003FBF
MPASM 5.76                  FINALPROJECT.ASM   12-8-2017  8:08:43         PAGE 11


SYMBOL TABLE
  LABEL                             VALUE 

_BOREN_ON                         00003FFF
_CONFIG                           00002007
_CPD_OFF                          00003FFF
_CPD_ON                           00003EFF
_CP_ALL                           00001FFF
_CP_OFF                           00003FFF
_CP_ON                            00001FFF
_DEBUG_OFF                        00003FFF
_DEBUG_ON                         000037FF
_DEVID1                           00002006
_FOSC_EXTRC                       00003FFF
_FOSC_HS                          00003FFE
_FOSC_LP                          00003FFC
_FOSC_XT                          00003FFD
_HS_OSC                           00003FFE
_IDLOC0                           00002000
_IDLOC1                           00002001
_IDLOC2                           00002002
_IDLOC3                           00002003
_LP_OSC                           00003FFC
_LVP_OFF                          00003F7F
_LVP_ON                           00003FFF
_PWRTE_OFF                        00003FFF
_PWRTE_ON                         00003FF7
_RC_OSC                           00003FFF
_WDTE_OFF                         00003FFB
_WDTE_ON                          00003FFF
_WDT_OFF                          00003FFB
_WDT_ON                           00003FFF
_WRT_1FOURTH                      00003BFF
_WRT_256                          00003DFF
_WRT_HALF                         000039FF
_WRT_OFF                          00003FFF
_XT_OSC                           00003FFD
__16F877A                         00000001
entries                           00000000
loop                              00000027
pclath_temp                       00000002
read                              00000000
start                             00000000
status_temp                       00000001
t1count                           00000003
w_temp                            00000000

Errors   :     0
Warnings :     9 reported,     0 suppressed
Messages :     3 reported,     0 suppressed

