MPASM 5.76                  PERCENTDRIVE.ASM   12-8-2017  8:08:42         PAGE  1


LOC  OBJECT CODE     LINE SOURCE TEXT
  VALUE

                      00001 ;**********************************************************************
                      00002 ;   This file is a basic code template for object module code         *
                      00003 ;   generation on the PIC16F877A. This file contains the              *
                      00004 ;   basic code building blocks to build upon.                         *
                      00005 ;                                                                     *
                      00006 ;   Refer to the MPASM User's Guide for additional information on     *
                      00007 ;   features of the assembler and linker (Document DS33014).          *
                      00008 ;                                                                     *
                      00009 ;   Refer to the respective PIC data sheet for additional             *
                      00010 ;   information on the instruction set.                               *
                      00011 ;                                                                     *
                      00012 ;**********************************************************************
                      00013 ;                                                                     *
                      00014 ;    Filename:      PercentDrive.asm                                  *
                      00015 ;    Date:          12/01/17                                          *
                      00016 ;    File Version:  0.0.1                                             *
                      00017 ;                                                                     *
                      00018 ;    Author:        Andrew W. Harn                                    *
                      00019 ;    Company:       Geneva College                                    *
                      00020 ;                                                                     * 
                      00021 ;                                                                     *
                      00022 ;**********************************************************************
                      00023 ;                                                                     *
                      00024 ;    Files required: P16F877A.INC                                     *
                      00025 ;                    P16F877A_LCDWDBMOD.ASM                           *
                      00026 ;                                                                     *   
                      00027 ;                                                                     *
                      00028 ;                                                                     *
                      00029 ;**********************************************************************
                      00030 ;                                                                     *
                      00031 ;    Notes:                                                           *
                      00032 ;                                                                     *
                      00033 ;                                                                     *
                      00034 ;                                                                     *
                      00035 ;                                                                     *
                      00036 ;**********************************************************************
                      00037  
                      00038         list            p=16F877A
                      00039         #include        P16F877A.inc
                      00001         LIST
                      00002 
                      00003 ;==========================================================================
                      00004 ; Build date : Sep 19 2017
                      00005 ;  MPASM PIC16F877A processor include
                      00006 ; 
                      00007 ;  (c) Copyright 1999-2017 Microchip Technology, All rights reserved
                      00008 ;==========================================================================
                      00009 
                      00567         LIST
                      00040         
                      00041 ;***** VARIABLE DEFINITIONS (examples)
                      00042  
                      00043 ; example of using Shared Uninitialized Data Section
MPASM 5.76                  PERCENTDRIVE.ASM   12-8-2017  8:08:42         PAGE  2


LOC  OBJECT CODE     LINE SOURCE TEXT
  VALUE

                      00044 INT_VAR     UDATA_SHR
                      00045  
                      00046 ; example of using Uninitialized Data Section
                      00047 TEMP_VAR    UDATA           ; explicit address specified is not required
0000                  00048 P1          RES     1       ; Percent Digit 1
0001                  00049 TP1         RES     1       ; Temporary Percent Digit 1 
0002                  00050 P2          RES     1       ; Percent Digit 2
0003                  00051 TP2         RES     1       ; Temporary Percent Digit 2
0004                  00052 entries     RES     1       ; Number of Text Entries (0,1,2)
                      00053 
Warning[205]: Found directive in column 1. (extern)
  0000                00054 extern  LCDInit             ; Function - Initializes LCD
Warning[205]: Found directive in column 1. (extern)
  0000                00055 extern  i_write             ; Function - Writes instruction to LCD
Warning[205]: Found directive in column 1. (extern)
  0000                00056 extern  d_write             ; Function - Writes data to LCD 
Warning[205]: Found directive in column 1. (extern)
  0000                00057 extern  LCDLine_2           ; Function - Moves LCD cursor to second line
Warning[205]: Found directive in column 1. (extern)
  0000                00058 extern  temp_wr             ; Variable - Temporary Working Register
Warning[205]: Found directive in column 1. (extern)
  0000                00059 extern  ASCII               ; Variable - ASCII character from keypad
Warning[205]: Found directive in column 1. (extern)
  0000                00060 extern  SetPWM              ; Function - Sets the PWM
                      00061        
Warning[205]: Found directive in column 1. (GLOBAL)
  0000                00062 GLOBAL  entries
Warning[205]: Found directive in column 1. (GLOBAL)
  0000                00063 GLOBAL  P1
Warning[205]: Found directive in column 1. (GLOBAL)
  0000                00064 GLOBAL  P2
                      00065 ;**********************************************************************
                      00066 
                      00067 MAIN       CODE
                      00068 
0000                  00069 PercentDrive
0000   ???? ????      00070        banksel  ASCII
0002   1B80           00071        btfsc    ASCII,7     ; Check if ASCII is set to ERROR (0x80)
0003   0008           00072        return               ; Do nothing if it is
                      00073        
0004   08??           00074        movfw    ASCII       ; Test if ASCII is * character to clear
0005   3C2A           00075        sublw    0x2A
0006   ???? ????      00076        pagesel  ClrPer  
0008   1903           00077        btfsc    STATUS,Z
0009   2???           00078        goto     ClrPer      ; Clear if it is the * character
                      00079        
000A   ???? ????      00080        banksel  entries
000C   08??           00081        movfw    entries
000D   ???? ????      00082        banksel  PD1
000F   1903           00083        btfsc    STATUS,Z    ; Check if Entries is 0
0010   2???           00084        goto     PD1
0011   3C01           00085        sublw    0x01
0012   ???? ????      00086        banksel  PD2
MPASM 5.76                  PERCENTDRIVE.ASM   12-8-2017  8:08:42         PAGE  3


LOC  OBJECT CODE     LINE SOURCE TEXT
  VALUE

0014   1903           00087        btfsc    STATUS,Z    ; Check if Entries is 1
0015   2???           00088        goto     PD2
0016   ???? ????      00089        banksel  PD3
0018   2???           00090        goto     PD3
                      00091        
  0000                00092        GLOBAL   PercentDrive
                      00093 
0019                  00094 PD1
0019   138B           00095        bcf      INTCON,7    ; Disable all interrupts before write
001A   ???? ????      00096        pagesel  i_write     ; Go to the first percent drive LCD location
001C   ???? ????      00097        banksel  temp_wr
001E   308E           00098        movlw    0x8E
001F   00??           00099        movwf    temp_wr
0020   2???           00100        call     i_write
                      00101        
0021   ???? ????      00102        banksel  ASCII       ; If it is the enter, ignore it.
0023   08??           00103        movfw    ASCII
0024   3C23           00104        sublw    0x23
0025   178B           00105        bsf      INTCON,7    ; Enable interrupts in case of return
0026   1903           00106        btfsc    STATUS,Z
0027   0008           00107        return
                      00108        
0028   08??           00109        movfw    ASCII       ; Otherwise save the value temporarily in TP1
0029   ???? ????      00110        banksel  TP1
002B   00??           00111        movwf    TP1
002C   ???? ????      00112        pagesel  WriteData
002E   2???           00113        call     WriteData
Message[305]: Using default destination of 1 (file).
002F   0A??           00114        incf     entries
0030   0008           00115        return
                      00116 
0031                  00117 PD2
0031   138B           00118        bcf      INTCON,7    ; Disable all interrupts before write
0032   ???? ????      00119        pagesel  i_write     ; Go to the second percent drive LCD location
0034   ???? ????      00120        banksel  temp_wr
0036   308F           00121        movlw    0x8F
0037   00??           00122        movwf    temp_wr
0038   2???           00123        call     i_write
                      00124        
0039   ???? ????      00125        banksel  ASCII       ; If it is the enter, ignore it.
003B   08??           00126        movfw    ASCII
003C   3C23           00127        sublw    0x23
003D   178B           00128        bsf      INTCON,7    ; Enable interrupts in case of return
003E   1903           00129        btfsc    STATUS,Z
003F   0008           00130        return
                      00131        
0040   08??           00132        movfw    ASCII       ; Otherwise save the value temporarily in TP2
0041   ???? ????      00133        banksel  TP2
0043   00??           00134        movwf    TP2
0044   ???? ????      00135        pagesel  WriteData
0046   2???           00136        call     WriteData
Message[305]: Using default destination of 1 (file).
0047   0A??           00137        incf     entries
MPASM 5.76                  PERCENTDRIVE.ASM   12-8-2017  8:08:42         PAGE  4


LOC  OBJECT CODE     LINE SOURCE TEXT
  VALUE

0048   0008           00138        return
                      00139 
0049                  00140 PD3
0049   ???? ????      00141        banksel  entries     ; Clear the entry counter
004B   01??           00142        clrf     entries
004C   ???? ????      00143        banksel  ASCII
004E   08??           00144        movfw    ASCII
004F   3C23           00145        sublw    0x23
0050   ???? ????      00146        pagesel  PD1
0052   1D03           00147        btfss    STATUS,Z    ; If it is 0x23, save temps as percents. Otherwise, clear and print new numb
                            er as first digit.
0053   2???           00148        goto     PD1
                      00149        
0054   ???? ????      00150        banksel  TP1
0056   08??           00151        movfw    TP1
0057   ???? ????      00152        banksel  P1
0059   00??           00153        movwf    P1
                      00154        
005A   ???? ????      00155        banksel  TP2
005C   08??           00156        movfw    TP2
005D   ???? ????      00157        banksel  P2
005F   00??           00158        movwf    P2
                      00159        
0060   ???? ????      00160        pagesel  SetPWM
0062   2???           00161        call     SetPWM
0063   0008           00162        return
                      00163        
0064                  00164 WriteData
0064   138B           00165        bcf      INTCON,7        ; Disable interrupts before write
0065   ???? ????      00166        pagesel  d_write
0067   ???? ????      00167        banksel  ASCII
0069   08??           00168        movfw    ASCII
006A   ???? ????      00169        banksel  temp_wr
006C   00??           00170        movwf    temp_wr
006D   2???           00171        call     d_write
006E   178B           00172        bsf      INTCON,7        ; Enable interrupts after write
006F   0008           00173        return
                      00174        
0070                  00175 ClrPer
0070   138B           00176        bcf      INTCON,7        ; Disable interrupts before writes
0071   ???? ????      00177        banksel  entries         ; Clear the entries
0073   01??           00178        clrf     entries
0074   ???? ????      00179        banksel  temp_wr
0076   308E           00180        movlw    0x8E            ; Move to where the Percent Drive numbers are.
0077   00??           00181        movwf    temp_wr
0078   ???? ????      00182        pagesel  i_write
007A   2???           00183        call     i_write
                      00184        
007B   ???? ????      00185        banksel  P1
007D   08??           00186        movfw    P1              ; Write the last value of the first digit
007E   ???? ????      00187        banksel  temp_wr
0080   00??           00188        movwf    temp_wr
0081   ???? ????      00189        pagesel  d_write
MPASM 5.76                  PERCENTDRIVE.ASM   12-8-2017  8:08:42         PAGE  5


LOC  OBJECT CODE     LINE SOURCE TEXT
  VALUE

0083   2???           00190        call     d_write
                      00191        
0084   ???? ????      00192        banksel  P2
0086   08??           00193        movfw    P2              ; Write the last value of the second digit
0087   ???? ????      00194        banksel  temp_wr
0089   00??           00195        movwf    temp_wr
008A   ???? ????      00196        pagesel  d_write
008C   2???           00197        call     d_write
008D   178B           00198        bsf      INTCON,7        ; Enable interrupts after writes
                      00199        
008E   0008           00200        return
                      00201        
                      00202        END
MPASM 5.76                  PERCENTDRIVE.ASM   12-8-2017  8:08:42         PAGE  6


SYMBOL TABLE
  LABEL                             VALUE 

ACKDT                             00000005
ACKEN                             00000004
ACKSTAT                           00000006
ADCON0                            0000001F
ADCON1                            0000009F
ADCS0                             00000006
ADCS1                             00000007
ADCS2                             00000006
ADDEN                             00000003
ADFM                              00000007
ADIE                              00000006
ADIF                              00000006
ADON                              00000000
ADRESH                            0000001E
ADRESL                            0000009E
ASCII                             00000000
BCLIE                             00000003
BCLIF                             00000003
BF                                00000000
BRGH                              00000002
C                                 00000000
C1INV                             00000004
C1OUT                             00000006
C2INV                             00000005
C2OUT                             00000007
CCP1CON                           00000017
CCP1IE                            00000002
CCP1IF                            00000002
CCP1M0                            00000000
CCP1M1                            00000001
CCP1M2                            00000002
CCP1M3                            00000003
CCP1X                             00000005
CCP1Y                             00000004
CCP2CON                           0000001D
CCP2IE                            00000000
CCP2IF                            00000000
CCP2M0                            00000000
CCP2M1                            00000001
CCP2M2                            00000002
CCP2M3                            00000003
CCP2X                             00000005
CCP2Y                             00000004
CCPR1                             00000015
CCPR1H                            00000016
CCPR1L                            00000015
CCPR2                             0000001B
CCPR2H                            0000001C
CCPR2L                            0000001B
CHS0                              00000003
CHS1                              00000004
CHS2                              00000005
CIS                               00000003
MPASM 5.76                  PERCENTDRIVE.ASM   12-8-2017  8:08:42         PAGE  7


SYMBOL TABLE
  LABEL                             VALUE 

CKE                               00000006
CKP                               00000004
CM0                               00000000
CM1                               00000001
CM2                               00000002
CMCON                             0000009C
CMIE                              00000006
CMIF                              00000006
CREN                              00000004
CSRC                              00000007
CVR0                              00000000
CVR1                              00000001
CVR2                              00000002
CVR3                              00000003
CVRCON                            0000009D
CVREN                             00000007
CVROE                             00000006
CVRR                              00000005
ClrPer                            00000070
D                                 00000005
DATA_ADDRESS                      00000005
DC                                00000001
D_A                               00000005
D_NOT_A                           00000005
EEADR                             0000010D
EEADRH                            0000010F
EECON1                            0000018C
EECON2                            0000018D
EEDATA                            0000010C
EEDATH                            0000010E
EEIE                              00000004
EEIF                              00000004
EEPGD                             00000007
F                                 00000001
FERR                              00000002
FSR                               00000004
GCEN                              00000007
GIE                               00000007
GO                                00000002
GO_DONE                           00000002
GO_NOT_DONE                       00000002
I2C_DATA                          00000005
I2C_READ                          00000002
I2C_START                         00000003
I2C_STOP                          00000004
IBF                               00000007
IBOV                              00000005
INDF                              00000000
INTCON                            0000000B
INTE                              00000004
INTEDG                            00000006
INTF                              00000001
IRP                               00000007
MPASM 5.76                  PERCENTDRIVE.ASM   12-8-2017  8:08:42         PAGE  8


SYMBOL TABLE
  LABEL                             VALUE 

LCDInit                           00000000
LCDLine_2                         00000000
NOT_A                             00000005
NOT_ADDRESS                       00000005
NOT_BO                            00000000
NOT_BOR                           00000000
NOT_DONE                          00000002
NOT_PD                            00000003
NOT_POR                           00000001
NOT_RBPU                          00000007
NOT_RC8                           00000006
NOT_T1SYNC                        00000002
NOT_TO                            00000004
NOT_TX8                           00000006
NOT_W                             00000002
NOT_WRITE                         00000002
OBF                               00000006
OERR                              00000001
OPTION_REG                        00000081
P                                 00000004
P1                                00000000
P2                                00000002
PCFG0                             00000000
PCFG1                             00000001
PCFG2                             00000002
PCFG3                             00000003
PCL                               00000002
PCLATH                            0000000A
PCON                              0000008E
PD1                               00000019
PD2                               00000031
PD3                               00000049
PEIE                              00000006
PEN                               00000002
PIE1                              0000008C
PIE2                              0000008D
PIR1                              0000000C
PIR2                              0000000D
PORTA                             00000005
PORTB                             00000006
PORTC                             00000007
PORTD                             00000008
PORTE                             00000009
PR2                               00000092
PS0                               00000000
PS1                               00000001
PS2                               00000002
PSA                               00000003
PSPIE                             00000007
PSPIF                             00000007
PSPMODE                           00000004
PercentDrive                      00000000
R                                 00000002
MPASM 5.76                  PERCENTDRIVE.ASM   12-8-2017  8:08:42         PAGE  9


SYMBOL TABLE
  LABEL                             VALUE 

RA0                               00000000
RA1                               00000001
RA2                               00000002
RA3                               00000003
RA4                               00000004
RA5                               00000005
RB0                               00000000
RB1                               00000001
RB2                               00000002
RB3                               00000003
RB4                               00000004
RB5                               00000005
RB6                               00000006
RB7                               00000007
RBIE                              00000003
RBIF                              00000000
RC0                               00000000
RC1                               00000001
RC2                               00000002
RC3                               00000003
RC4                               00000004
RC5                               00000005
RC6                               00000006
RC7                               00000007
RC8_9                             00000006
RC9                               00000006
RCD8                              00000000
RCEN                              00000003
RCIE                              00000005
RCIF                              00000005
RCREG                             0000001A
RCSTA                             00000018
RD                                00000000
RD0                               00000000
RD1                               00000001
RD2                               00000002
RD3                               00000003
RD4                               00000004
RD5                               00000005
RD6                               00000006
RD7                               00000007
RE0                               00000000
RE1                               00000001
RE2                               00000002
READ_WRITE                        00000002
RP0                               00000005
RP1                               00000006
RSEN                              00000001
RX9                               00000006
RX9D                              00000000
R_NOT_W                           00000002
R_W                               00000002
S                                 00000003
MPASM 5.76                  PERCENTDRIVE.ASM   12-8-2017  8:08:42         PAGE 10


SYMBOL TABLE
  LABEL                             VALUE 

SEN                               00000000
SMP                               00000007
SPBRG                             00000099
SPEN                              00000007
SREN                              00000005
SSPADD                            00000093
SSPBUF                            00000013
SSPCON                            00000014
SSPCON2                           00000091
SSPEN                             00000005
SSPIE                             00000003
SSPIF                             00000003
SSPM0                             00000000
SSPM1                             00000001
SSPM2                             00000002
SSPM3                             00000003
SSPOV                             00000006
SSPSTAT                           00000094
STATUS                            00000003
SYNC                              00000004
SetPWM                            00000000
T0CS                              00000005
T0IE                              00000005
T0IF                              00000002
T0SE                              00000004
T1CKPS0                           00000004
T1CKPS1                           00000005
T1CON                             00000010
T1INSYNC                          00000002
T1OSCEN                           00000003
T1SYNC                            00000002
T2CKPS0                           00000000
T2CKPS1                           00000001
T2CON                             00000012
TMR0                              00000001
TMR0IE                            00000005
TMR0IF                            00000002
TMR1                              0000000E
TMR1CS                            00000001
TMR1H                             0000000F
TMR1IE                            00000000
TMR1IF                            00000000
TMR1L                             0000000E
TMR1ON                            00000000
TMR2                              00000011
TMR2IE                            00000001
TMR2IF                            00000001
TMR2ON                            00000002
TOUTPS0                           00000003
TOUTPS1                           00000004
TOUTPS2                           00000005
TOUTPS3                           00000006
TP1                               00000001
MPASM 5.76                  PERCENTDRIVE.ASM   12-8-2017  8:08:42         PAGE 11


SYMBOL TABLE
  LABEL                             VALUE 

TP2                               00000003
TRISA                             00000085
TRISA0                            00000000
TRISA1                            00000001
TRISA2                            00000002
TRISA3                            00000003
TRISA4                            00000004
TRISA5                            00000005
TRISB                             00000086
TRISB0                            00000000
TRISB1                            00000001
TRISB2                            00000002
TRISB3                            00000003
TRISB4                            00000004
TRISB5                            00000005
TRISB6                            00000006
TRISB7                            00000007
TRISC                             00000087
TRISC0                            00000000
TRISC1                            00000001
TRISC2                            00000002
TRISC3                            00000003
TRISC4                            00000004
TRISC5                            00000005
TRISC6                            00000006
TRISC7                            00000007
TRISD                             00000088
TRISD0                            00000000
TRISD1                            00000001
TRISD2                            00000002
TRISD3                            00000003
TRISD4                            00000004
TRISD5                            00000005
TRISD6                            00000006
TRISD7                            00000007
TRISE                             00000089
TRISE0                            00000000
TRISE1                            00000001
TRISE2                            00000002
TRMT                              00000001
TX8_9                             00000006
TX9                               00000006
TX9D                              00000000
TXD8                              00000000
TXEN                              00000005
TXIE                              00000004
TXIF                              00000004
TXREG                             00000019
TXSTA                             00000098
UA                                00000001
W                                 00000000
WCOL                              00000007
WR                                00000001
MPASM 5.76                  PERCENTDRIVE.ASM   12-8-2017  8:08:42         PAGE 12


SYMBOL TABLE
  LABEL                             VALUE 

WREN                              00000002
WRERR                             00000003
WriteData                         00000064
Z                                 00000002
_BODEN_OFF                        00003FBF
_BODEN_ON                         00003FFF
_BOREN_OFF                        00003FBF
_BOREN_ON                         00003FFF
_CONFIG                           00002007
_CPD_OFF                          00003FFF
_CPD_ON                           00003EFF
_CP_ALL                           00001FFF
_CP_OFF                           00003FFF
_CP_ON                            00001FFF
_DEBUG_OFF                        00003FFF
_DEBUG_ON                         000037FF
_DEVID1                           00002006
_FOSC_EXTRC                       00003FFF
_FOSC_HS                          00003FFE
_FOSC_LP                          00003FFC
_FOSC_XT                          00003FFD
_HS_OSC                           00003FFE
_IDLOC0                           00002000
_IDLOC1                           00002001
_IDLOC2                           00002002
_IDLOC3                           00002003
_LP_OSC                           00003FFC
_LVP_OFF                          00003F7F
_LVP_ON                           00003FFF
_PWRTE_OFF                        00003FFF
_PWRTE_ON                         00003FF7
_RC_OSC                           00003FFF
_WDTE_OFF                         00003FFB
_WDTE_ON                          00003FFF
_WDT_OFF                          00003FFB
_WDT_ON                           00003FFF
_WRT_1FOURTH                      00003BFF
_WRT_256                          00003DFF
_WRT_HALF                         000039FF
_WRT_OFF                          00003FFF
_XT_OSC                           00003FFD
__16F877A                         00000001
d_write                           00000000
entries                           00000004
i_write                           00000000
temp_wr                           00000000

Errors   :     0
Warnings :    10 reported,     0 suppressed
Messages :     2 reported,     0 suppressed

