MPASM 5.76                 PWMCALCULATOR.ASM   12-8-2017  8:08:42         PAGE  1


LOC  OBJECT CODE     LINE SOURCE TEXT
  VALUE

                      00001 ;**********************************************************************
                      00002 ;   This file is a basic code template for object module code         *
                      00003 ;   generation on the PIC16F877A. This file contains the              *
                      00004 ;   basic code building blocks to build upon.                         *
                      00005 ;                                                                     *
                      00006 ;   Refer to the MPASM User's Guide for additional information on     *
                      00007 ;   features of the assembler and linker (Document DS33014).          *
                      00008 ;                                                                     *
                      00009 ;   Refer to the respective PIC data sheet for additional             *
                      00010 ;   information on the instruction set.                               *
                      00011 ;                                                                     *
                      00012 ;**********************************************************************
                      00013 ;                                                                     *
                      00014 ;    Filename:      PWMCalculator.asm                                 *
                      00015 ;    Date:          12/05/17                                          *
                      00016 ;    File Version:  0.0.1                                             *
                      00017 ;                                                                     *
                      00018 ;    Author:        Andrew W. Harn                                    *
                      00019 ;    Company:       Geneva College                                    *
                      00020 ;                                                                     * 
                      00021 ;                                                                     *
                      00022 ;**********************************************************************
                      00023 ;                                                                     *
                      00024 ;    Files required: P16F877A.INC                                     *
                      00025 ;                    P16F877A_LCDWDBMOD.ASM                           *
                      00026 ;                    LCDPRINTER.ASM                                   *
                      00027 ;                    PERCENTDRIVE.ASM                                 *
                      00028 ;                                                                     *   
                      00029 ;                                                                     *
                      00030 ;                                                                     *
                      00031 ;**********************************************************************
                      00032 ;                                                                     *
                      00033 ;    Notes:                                                           *
                      00034 ;                                                                     *
                      00035 ;                                                                     *
                      00036 ;                                                                     *
                      00037 ;                                                                     *
                      00038 ;**********************************************************************
                      00039  
                      00040         list            p=16F877A
                      00041         #include        P16F877A.inc
                      00001         LIST
                      00002 
                      00003 ;==========================================================================
                      00004 ; Build date : Sep 19 2017
                      00005 ;  MPASM PIC16F877A processor include
                      00006 ; 
                      00007 ;  (c) Copyright 1999-2017 Microchip Technology, All rights reserved
                      00008 ;==========================================================================
                      00009 
                      00567         LIST
                      00042         
                      00043 ;***** VARIABLE DEFINITIONS (examples)
MPASM 5.76                 PWMCALCULATOR.ASM   12-8-2017  8:08:42         PAGE  2


LOC  OBJECT CODE     LINE SOURCE TEXT
  VALUE

                      00044  
                      00045 ; example of using Shared Uninitialized Data Section
                      00046 INT_VAR     UDATA_SHR
                      00047  
                      00048 ; example of using Uninitialized Data Section
                      00049 TEMP_VAR    UDATA           ; explicit address specified is not required
0000                  00050 PWMPercent  RES     1       ; Percent of time the PWM should be enabled
0001                  00051 tempPWM     RES     1       ; Temporary value of PWMPercent
0002                  00052 loopCount   RES     1       ; Number of times for loop to iterate
0003                  00053 tempCarry   RES     1
                      00054 
Warning[205]: Found directive in column 1. (extern)
  0000                00055 extern  P1
Warning[205]: Found directive in column 1. (extern)
  0000                00056 extern  P2
                      00057  
Warning[205]: Found directive in column 1. (GLOBAL)
  0000                00058 GLOBAL  PWMPercent
                      00059 ;**********************************************************************
                      00060 
                      00061 MAIN       CODE
                      00062 
0000                  00063 SetPWM
0000   1003           00064        bcf      STATUS,C
0001   ???? ????      00065        banksel  tempCarry               ; Clear tempCarry
0003   01??           00066        clrf     tempCarry
0004   3004           00067        movlw    0x04                    ; 4 loops + original number = Multiply by 5
0005   ???? ????      00068        pagesel  loopCount
0007   00??           00069        movwf    loopCount
0008   30F9           00070        movlw    d'249'                  ; Setup PWM Period
0009   1683 1303      00071        banksel  PR2
Message[302]: Register in operand not in bank 0.  Ensure that bank bits are correct.
000B   0092           00072        movwf    PR2
000C   ???? ????      00073        pagesel  PercentCalc
000E   2???           00074        call     PercentCalc
000F   ???? ????      00075        banksel  PWMPercent
0011   08??           00076        movfw    PWMPercent
0012   ???? ????      00077        banksel  tempPWM
0014   00??           00078        movwf    tempPWM
                      00079        
  0000                00080        GLOBAL   SetPWM
0015                  00081 loop   
0015   ???? ????      00082        banksel  tempPWM
Message[305]: Using default destination of 1 (file).
0017   07??           00083        addwf    tempPWM
0018   ???? ????      00084        banksel  tempCarry
001A   ???? ????      00085        pagesel  loop
001C   1803           00086        btfsc    STATUS,C
001D   1400           00087        bsf      tempCarry,0         ; If there is a carry, set tempCarry bit 0 to 1
001E   ???? ????      00088        banksel  loopCount
Message[305]: Using default destination of 1 (file).
0020   0B??           00089        decfsz   loopCount
0021   2???           00090        goto     loop
MPASM 5.76                 PWMCALCULATOR.ASM   12-8-2017  8:08:42         PAGE  3


LOC  OBJECT CODE     LINE SOURCE TEXT
  VALUE

0022   1800           00091        btfsc    tempCarry,0         ; If there was a carry inside the loop, reset the carry bit to 1
0023   1403           00092        bsf      STATUS,C
0024   ???? ????      00093        banksel  tempPWM
Message[305]: Using default destination of 1 (file).
0026   0C??           00094        rrf      tempPWM
                      00095        
0027   1283 1303      00096        banksel  CCP1CON
0029   1297           00097        bcf      CCP1CON,5           ; Setup lower bits for CCP1CON
002A   ???? ????      00098        banksel  tempCarry
002C   ???? ????      00099        pagesel  setupCCP1CON
002E   1800           00100        btfsc    tempCarry,0
002F   2???           00101        call     setupCCP1CON
0030   118A 120A      00102        pagesel  CCP1CON
0032   1217           00103        bcf      CCP1CON,4
                      00104        
0033   ???? ????      00105        banksel  tempPWM             ; Set CCPR1L with new ON TIME value
0035   08??           00106        movfw    tempPWM
0036   1283 1303      00107        banksel  CCPR1L
0038   0095           00108        movwf    CCPR1L
                      00109        
0039   1283 1303      00110        banksel  T2CON               ; Make sure the timer is running
003B   1512           00111        bsf      T2CON,2
003C   0008           00112        return
                      00113        
003D                  00114 PercentCalc
003D   ???? ????      00115        banksel  P1              ; Get the first digit
003F   08??           00116        movfw    P1
0040   3A30           00117        xorlw    0x30            ; Exclusive OR it with 0x30 to get the value out of ASCII and into decim
                            al
0041   ???? ????      00118        banksel  PWMPercent
0043   01??           00119        clrf     PWMPercent      ; Clear the PWMPercent variable
0044   00??           00120        movwf    PWMPercent
                      00121        
0045   1003           00122        bcf      STATUS,C        ; Clear Zero bit
                      00123        
Message[305]: Using default destination of 1 (file).
0046   0D??           00124        rlf      PWMPercent      ; Multiply first number by 2
Message[305]: Using default destination of 1 (file).
0047   0D??           00125        rlf      PWMPercent      ; Multiply first number by 4
Message[305]: Using default destination of 1 (file).
0048   0D??           00126        rlf      PWMPercent      ; Multiply first number by 8
                      00127        
0049   07??           00128        addwf    PWMPercent,1    ; Add the first number twice to finish multiplying by 10
004A   07??           00129        addwf    PWMPercent,1
                      00130        
004B   ???? ????      00131        banksel  P2              ; Get the second digit
004D   08??           00132        movfw    P2
004E   3A30           00133        xorlw    0x30            ; Exclusive OR it with 0x30 to get the value out of ASCII and into decim
                            al
004F   ???? ????      00134        banksel  PWMPercent
0051   07??           00135        addwf    PWMPercent,1    ; Add the second number. The result is the percent on the display.
                      00136        
0052   0008           00137        return
MPASM 5.76                 PWMCALCULATOR.ASM   12-8-2017  8:08:42         PAGE  4


LOC  OBJECT CODE     LINE SOURCE TEXT
  VALUE

                      00138 
0053                  00139 setupCCP1CON
0053   1283 1303      00140        banksel  CCP1CON
0055   1697           00141        bsf      CCP1CON,5
0056   0008           00142        return
Warning[205]: Found directive in column 1. (END)
                      00143 END
MPASM 5.76                 PWMCALCULATOR.ASM   12-8-2017  8:08:42         PAGE  5


SYMBOL TABLE
  LABEL                             VALUE 

ACKDT                             00000005
ACKEN                             00000004
ACKSTAT                           00000006
ADCON0                            0000001F
ADCON1                            0000009F
ADCS0                             00000006
ADCS1                             00000007
ADCS2                             00000006
ADDEN                             00000003
ADFM                              00000007
ADIE                              00000006
ADIF                              00000006
ADON                              00000000
ADRESH                            0000001E
ADRESL                            0000009E
BCLIE                             00000003
BCLIF                             00000003
BF                                00000000
BRGH                              00000002
C                                 00000000
C1INV                             00000004
C1OUT                             00000006
C2INV                             00000005
C2OUT                             00000007
CCP1CON                           00000017
CCP1IE                            00000002
CCP1IF                            00000002
CCP1M0                            00000000
CCP1M1                            00000001
CCP1M2                            00000002
CCP1M3                            00000003
CCP1X                             00000005
CCP1Y                             00000004
CCP2CON                           0000001D
CCP2IE                            00000000
CCP2IF                            00000000
CCP2M0                            00000000
CCP2M1                            00000001
CCP2M2                            00000002
CCP2M3                            00000003
CCP2X                             00000005
CCP2Y                             00000004
CCPR1                             00000015
CCPR1H                            00000016
CCPR1L                            00000015
CCPR2                             0000001B
CCPR2H                            0000001C
CCPR2L                            0000001B
CHS0                              00000003
CHS1                              00000004
CHS2                              00000005
CIS                               00000003
CKE                               00000006
MPASM 5.76                 PWMCALCULATOR.ASM   12-8-2017  8:08:42         PAGE  6


SYMBOL TABLE
  LABEL                             VALUE 

CKP                               00000004
CM0                               00000000
CM1                               00000001
CM2                               00000002
CMCON                             0000009C
CMIE                              00000006
CMIF                              00000006
CREN                              00000004
CSRC                              00000007
CVR0                              00000000
CVR1                              00000001
CVR2                              00000002
CVR3                              00000003
CVRCON                            0000009D
CVREN                             00000007
CVROE                             00000006
CVRR                              00000005
D                                 00000005
DATA_ADDRESS                      00000005
DC                                00000001
D_A                               00000005
D_NOT_A                           00000005
EEADR                             0000010D
EEADRH                            0000010F
EECON1                            0000018C
EECON2                            0000018D
EEDATA                            0000010C
EEDATH                            0000010E
EEIE                              00000004
EEIF                              00000004
EEPGD                             00000007
F                                 00000001
FERR                              00000002
FSR                               00000004
GCEN                              00000007
GIE                               00000007
GO                                00000002
GO_DONE                           00000002
GO_NOT_DONE                       00000002
I2C_DATA                          00000005
I2C_READ                          00000002
I2C_START                         00000003
I2C_STOP                          00000004
IBF                               00000007
IBOV                              00000005
INDF                              00000000
INTCON                            0000000B
INTE                              00000004
INTEDG                            00000006
INTF                              00000001
IRP                               00000007
NOT_A                             00000005
NOT_ADDRESS                       00000005
MPASM 5.76                 PWMCALCULATOR.ASM   12-8-2017  8:08:42         PAGE  7


SYMBOL TABLE
  LABEL                             VALUE 

NOT_BO                            00000000
NOT_BOR                           00000000
NOT_DONE                          00000002
NOT_PD                            00000003
NOT_POR                           00000001
NOT_RBPU                          00000007
NOT_RC8                           00000006
NOT_T1SYNC                        00000002
NOT_TO                            00000004
NOT_TX8                           00000006
NOT_W                             00000002
NOT_WRITE                         00000002
OBF                               00000006
OERR                              00000001
OPTION_REG                        00000081
P                                 00000004
P1                                00000000
P2                                00000000
PCFG0                             00000000
PCFG1                             00000001
PCFG2                             00000002
PCFG3                             00000003
PCL                               00000002
PCLATH                            0000000A
PCON                              0000008E
PEIE                              00000006
PEN                               00000002
PIE1                              0000008C
PIE2                              0000008D
PIR1                              0000000C
PIR2                              0000000D
PORTA                             00000005
PORTB                             00000006
PORTC                             00000007
PORTD                             00000008
PORTE                             00000009
PR2                               00000092
PS0                               00000000
PS1                               00000001
PS2                               00000002
PSA                               00000003
PSPIE                             00000007
PSPIF                             00000007
PSPMODE                           00000004
PWMPercent                        00000000
PercentCalc                       0000003D
R                                 00000002
RA0                               00000000
RA1                               00000001
RA2                               00000002
RA3                               00000003
RA4                               00000004
RA5                               00000005
MPASM 5.76                 PWMCALCULATOR.ASM   12-8-2017  8:08:42         PAGE  8


SYMBOL TABLE
  LABEL                             VALUE 

RB0                               00000000
RB1                               00000001
RB2                               00000002
RB3                               00000003
RB4                               00000004
RB5                               00000005
RB6                               00000006
RB7                               00000007
RBIE                              00000003
RBIF                              00000000
RC0                               00000000
RC1                               00000001
RC2                               00000002
RC3                               00000003
RC4                               00000004
RC5                               00000005
RC6                               00000006
RC7                               00000007
RC8_9                             00000006
RC9                               00000006
RCD8                              00000000
RCEN                              00000003
RCIE                              00000005
RCIF                              00000005
RCREG                             0000001A
RCSTA                             00000018
RD                                00000000
RD0                               00000000
RD1                               00000001
RD2                               00000002
RD3                               00000003
RD4                               00000004
RD5                               00000005
RD6                               00000006
RD7                               00000007
RE0                               00000000
RE1                               00000001
RE2                               00000002
READ_WRITE                        00000002
RP0                               00000005
RP1                               00000006
RSEN                              00000001
RX9                               00000006
RX9D                              00000000
R_NOT_W                           00000002
R_W                               00000002
S                                 00000003
SEN                               00000000
SMP                               00000007
SPBRG                             00000099
SPEN                              00000007
SREN                              00000005
SSPADD                            00000093
MPASM 5.76                 PWMCALCULATOR.ASM   12-8-2017  8:08:42         PAGE  9


SYMBOL TABLE
  LABEL                             VALUE 

SSPBUF                            00000013
SSPCON                            00000014
SSPCON2                           00000091
SSPEN                             00000005
SSPIE                             00000003
SSPIF                             00000003
SSPM0                             00000000
SSPM1                             00000001
SSPM2                             00000002
SSPM3                             00000003
SSPOV                             00000006
SSPSTAT                           00000094
STATUS                            00000003
SYNC                              00000004
SetPWM                            00000000
T0CS                              00000005
T0IE                              00000005
T0IF                              00000002
T0SE                              00000004
T1CKPS0                           00000004
T1CKPS1                           00000005
T1CON                             00000010
T1INSYNC                          00000002
T1OSCEN                           00000003
T1SYNC                            00000002
T2CKPS0                           00000000
T2CKPS1                           00000001
T2CON                             00000012
TMR0                              00000001
TMR0IE                            00000005
TMR0IF                            00000002
TMR1                              0000000E
TMR1CS                            00000001
TMR1H                             0000000F
TMR1IE                            00000000
TMR1IF                            00000000
TMR1L                             0000000E
TMR1ON                            00000000
TMR2                              00000011
TMR2IE                            00000001
TMR2IF                            00000001
TMR2ON                            00000002
TOUTPS0                           00000003
TOUTPS1                           00000004
TOUTPS2                           00000005
TOUTPS3                           00000006
TRISA                             00000085
TRISA0                            00000000
TRISA1                            00000001
TRISA2                            00000002
TRISA3                            00000003
TRISA4                            00000004
TRISA5                            00000005
MPASM 5.76                 PWMCALCULATOR.ASM   12-8-2017  8:08:42         PAGE 10


SYMBOL TABLE
  LABEL                             VALUE 

TRISB                             00000086
TRISB0                            00000000
TRISB1                            00000001
TRISB2                            00000002
TRISB3                            00000003
TRISB4                            00000004
TRISB5                            00000005
TRISB6                            00000006
TRISB7                            00000007
TRISC                             00000087
TRISC0                            00000000
TRISC1                            00000001
TRISC2                            00000002
TRISC3                            00000003
TRISC4                            00000004
TRISC5                            00000005
TRISC6                            00000006
TRISC7                            00000007
TRISD                             00000088
TRISD0                            00000000
TRISD1                            00000001
TRISD2                            00000002
TRISD3                            00000003
TRISD4                            00000004
TRISD5                            00000005
TRISD6                            00000006
TRISD7                            00000007
TRISE                             00000089
TRISE0                            00000000
TRISE1                            00000001
TRISE2                            00000002
TRMT                              00000001
TX8_9                             00000006
TX9                               00000006
TX9D                              00000000
TXD8                              00000000
TXEN                              00000005
TXIE                              00000004
TXIF                              00000004
TXREG                             00000019
TXSTA                             00000098
UA                                00000001
W                                 00000000
WCOL                              00000007
WR                                00000001
WREN                              00000002
WRERR                             00000003
Z                                 00000002
_BODEN_OFF                        00003FBF
_BODEN_ON                         00003FFF
_BOREN_OFF                        00003FBF
_BOREN_ON                         00003FFF
_CONFIG                           00002007
MPASM 5.76                 PWMCALCULATOR.ASM   12-8-2017  8:08:42         PAGE 11


SYMBOL TABLE
  LABEL                             VALUE 

_CPD_OFF                          00003FFF
_CPD_ON                           00003EFF
_CP_ALL                           00001FFF
_CP_OFF                           00003FFF
_CP_ON                            00001FFF
_DEBUG_OFF                        00003FFF
_DEBUG_ON                         000037FF
_DEVID1                           00002006
_FOSC_EXTRC                       00003FFF
_FOSC_HS                          00003FFE
_FOSC_LP                          00003FFC
_FOSC_XT                          00003FFD
_HS_OSC                           00003FFE
_IDLOC0                           00002000
_IDLOC1                           00002001
_IDLOC2                           00002002
_IDLOC3                           00002003
_LP_OSC                           00003FFC
_LVP_OFF                          00003F7F
_LVP_ON                           00003FFF
_PWRTE_OFF                        00003FFF
_PWRTE_ON                         00003FF7
_RC_OSC                           00003FFF
_WDTE_OFF                         00003FFB
_WDTE_ON                          00003FFF
_WDT_OFF                          00003FFB
_WDT_ON                           00003FFF
_WRT_1FOURTH                      00003BFF
_WRT_256                          00003DFF
_WRT_HALF                         000039FF
_WRT_OFF                          00003FFF
_XT_OSC                           00003FFD
__16F877A                         00000001
loop                              00000015
loopCount                         00000002
setupCCP1CON                      00000053
tempCarry                         00000003
tempPWM                           00000001

Errors   :     0
Warnings :     4 reported,     0 suppressed
Messages :     7 reported,     0 suppressed

